{
  "stats": {
    "suites": 3,
    "tests": 4,
    "passes": 2,
    "pending": 0,
    "failures": 2,
    "testsRegistered": 4,
    "passPercent": 50,
    "pendingPercent": 0,
    "other": 0,
    "hasOther": false,
    "skipped": 0,
    "hasSkipped": false,
    "start": "2023-12-06T12:01:24.227Z",
    "end": "2023-12-06T12:01:55.752Z",
    "duration": 31525
  },
  "results": [
    {
      "uuid": "9e3ba159-cf67-47cf-b056-569379020904",
      "title": "",
      "fullFile": "cypress/e2e/test_base_page.cy.js",
      "file": "cypress/e2e/test_base_page.cy.js",
      "beforeHooks": [],
      "afterHooks": [],
      "tests": [],
      "suites": [
        {
          "uuid": "74279280-98b5-4f0e-a10a-29fa1a233b95",
          "title": "Shoping in Evershop",
          "fullFile": "",
          "file": "",
          "beforeHooks": [],
          "afterHooks": [],
          "tests": [],
          "suites": [
            {
              "uuid": "80d26f89-6961-49b0-8676-3e7089419ee9",
              "title": "Initial page Load",
              "fullFile": "",
              "file": "",
              "beforeHooks": [],
              "afterHooks": [],
              "tests": [
                {
                  "title": "Validate the title of the page",
                  "fullTitle": "Shoping in Evershop Initial page Load Validate the title of the page",
                  "timedOut": null,
                  "duration": 3397,
                  "state": "passed",
                  "speed": "fast",
                  "pass": true,
                  "fail": false,
                  "pending": false,
                  "context": null,
                  "code": "//validate the title of the app and the menu\ncy.title().should('eq', 'Charka Nurture');\ncy.get(_selectors.default.nav_menu).should('be.visible');\ncy.get(_selectors.default.nav_menu).contains(men.male).should('be.visible');\ncy.get(_selectors.default.nav_menu).contains(women.female).should('be.visible');",
                  "err": {},
                  "uuid": "4ff1fbed-b564-467d-adf3-3b2ccdff6a6e",
                  "parentUUID": "80d26f89-6961-49b0-8676-3e7089419ee9",
                  "isHook": false,
                  "skipped": false
                }
              ],
              "suites": [],
              "passes": [
                "4ff1fbed-b564-467d-adf3-3b2ccdff6a6e"
              ],
              "failures": [],
              "pending": [],
              "skipped": [],
              "duration": 3397,
              "root": false,
              "rootEmpty": false,
              "_timeout": 2000
            }
          ],
          "passes": [],
          "failures": [],
          "pending": [],
          "skipped": [],
          "duration": 0,
          "root": false,
          "rootEmpty": false,
          "_timeout": 2000
        }
      ],
      "passes": [],
      "failures": [],
      "pending": [],
      "skipped": [],
      "duration": 0,
      "root": true,
      "rootEmpty": true,
      "_timeout": 2000
    },
    {
      "uuid": "c613ab67-0fc6-49e3-a624-bc38756db0a9",
      "title": "",
      "fullFile": "cypress/e2e/test_product_page.cy.js",
      "file": "cypress/e2e/test_product_page.cy.js",
      "beforeHooks": [],
      "afterHooks": [],
      "tests": [],
      "suites": [
        {
          "uuid": "db503d28-adc5-4ac7-80ee-267bb266b3f9",
          "title": "Shopping E2E Testing",
          "fullFile": "",
          "file": "",
          "beforeHooks": [],
          "afterHooks": [],
          "tests": [
            {
              "title": "Validate the shopping page for women",
              "fullTitle": "Shopping E2E Testing Validate the shopping page for women",
              "timedOut": null,
              "duration": 2282,
              "state": "failed",
              "speed": null,
              "pass": false,
              "fail": true,
              "pending": false,
              "context": null,
              "code": "(0, _shoppingUtil.validateShoppingPage)(women.female, women.url_women);\nconst {\n  cheapestPrice,\n  cheapestProduct\n} = (0, _shoppingUtil.findCheapestProduct)();\ncy.log(`Adding product to cart with price in product page: ${cheapestPrice}, product type: ${cheapestProduct}`);\n(0, _shoppingUtil.addToCart)(cheapestPrice, cheapestProduct);",
              "err": {
                "message": "TypeError: Cannot destructure property 'cheapestPrice' of '(0 , _shoppingUtil.findCheapestProduct)(...)' as it is undefined.",
                "estack": "TypeError: Cannot destructure property 'cheapestPrice' of '(0 , _shoppingUtil.findCheapestProduct)(...)' as it is undefined.\n    at Context.eval (webpack:///./cypress/e2e/test_product_page.cy.js:15:16)",
                "diff": null
              },
              "uuid": "c7107731-19db-4f72-a869-2aaba79f9f67",
              "parentUUID": "db503d28-adc5-4ac7-80ee-267bb266b3f9",
              "isHook": false,
              "skipped": false
            },
            {
              "title": "Validate the shopping page for men",
              "fullTitle": "Shopping E2E Testing Validate the shopping page for men",
              "timedOut": null,
              "duration": 3729,
              "state": "failed",
              "speed": null,
              "pass": false,
              "fail": true,
              "pending": false,
              "context": null,
              "code": "(0, _shoppingUtil.validateShoppingPage)(men.male, men.url_men);\n(0, _shoppingUtil.findCheapestProduct)();",
              "err": {
                "message": "CypressError: `cy.then()` failed because you are mixing up async and sync code.\n\nIn your callback function you invoked 1 or more cy commands but then returned a synchronous value.\n\nCypress commands are asynchronous and it doesn't make sense to queue cy commands and yet return a synchronous value.\n\nYou likely forgot to properly chain the cy commands using another `cy.then()`.\n\nThe value you synchronously returned was: `{cheapestprice: 185.9, cheapestproduct: Sale Price}`",
                "estack": "CypressError: `cy.then()` failed because you are mixing up async and sync code.\n\nIn your callback function you invoked 1 or more cy commands but then returned a synchronous value.\n\nCypress commands are asynchronous and it doesn't make sense to queue cy commands and yet return a synchronous value.\n\nYou likely forgot to properly chain the cy commands using another `cy.then()`.\n\nThe value you synchronously returned was: `{cheapestprice: 185.9, cheapestproduct: Sale Price}`\n    at getRet (https://demo.evershop.io/__cypress/runner/cypress_runner.js:118310:70)\n    at tryCatcher (https://demo.evershop.io/__cypress/runner/cypress_runner.js:1807:23)\n    at Promise.attempt.Promise.try (https://demo.evershop.io/__cypress/runner/cypress_runner.js:4315:29)\n    at Context.thenFn (https://demo.evershop.io/__cypress/runner/cypress_runner.js:118319:66)\n    at Context.then (https://demo.evershop.io/__cypress/runner/cypress_runner.js:118568:21)\n    at wrapped (https://demo.evershop.io/__cypress/runner/cypress_runner.js:138719:19)\nFrom Your Spec Code:\n    at findCheapestProduct (webpack:///./cypress/support/shoppingUtil.js:33:11)\n    at Context.eval (webpack:///./cypress/e2e/test_product_page.cy.js:22:28)",
                "diff": null
              },
              "uuid": "505ce9d3-77d1-4f13-8bc0-dd9d814a3487",
              "parentUUID": "db503d28-adc5-4ac7-80ee-267bb266b3f9",
              "isHook": false,
              "skipped": false
            }
          ],
          "suites": [],
          "passes": [],
          "failures": [
            "c7107731-19db-4f72-a869-2aaba79f9f67",
            "505ce9d3-77d1-4f13-8bc0-dd9d814a3487"
          ],
          "pending": [],
          "skipped": [],
          "duration": 6011,
          "root": false,
          "rootEmpty": false,
          "_timeout": 2000
        }
      ],
      "passes": [],
      "failures": [],
      "pending": [],
      "skipped": [],
      "duration": 0,
      "root": true,
      "rootEmpty": true,
      "_timeout": 2000
    },
    {
      "uuid": "fd6fa3c4-ddc4-4f71-af44-179f745a3559",
      "title": "",
      "fullFile": "cypress/e2e/test_shopping.cy.js",
      "file": "cypress/e2e/test_shopping.cy.js",
      "beforeHooks": [],
      "afterHooks": [],
      "tests": [],
      "suites": [
        {
          "uuid": "4284ec4b-28a3-4ae1-ab3d-6da01a063957",
          "title": "Shoping in Evershop",
          "fullFile": "",
          "file": "",
          "beforeHooks": [],
          "afterHooks": [],
          "tests": [],
          "suites": [
            {
              "uuid": "887bf863-efa1-4dd4-bcda-07f5897ff8d1",
              "title": "Shopping E2E Testing",
              "fullFile": "",
              "file": "",
              "beforeHooks": [],
              "afterHooks": [],
              "tests": [
                {
                  "title": "Validate the shoping page",
                  "fullTitle": "Shoping in Evershop Shopping E2E Testing Validate the shoping page",
                  "timedOut": null,
                  "duration": 18705,
                  "state": "passed",
                  "speed": "slow",
                  "pass": true,
                  "fail": false,
                  "pending": false,
                  "context": null,
                  "code": "(0, _shoppingUtil.validateShoppingPage)(women.female, women.url_women);\nlet cheapestPrice = Infinity;\nlet cheapestProduct = '';\nconst prices = [];\nlet minPrice;\ncy.get(_selectors.default.product_list).each($product => {\n  const salePrice = parseFloat($product.find(_selectors.default.sale_price).text().replace('$', ''));\n  const regularPrice = parseFloat($product.find(_selectors.default.regular_price).text().replace('$', ''));\n  prices.push(...[salePrice, regularPrice].filter(price => !isNaN(price)));\n  cy.log({\n    salePrice\n  }, {\n    regularPrice\n  });\n  if (!isNaN(salePrice) && salePrice < cheapestPrice) {\n    cheapestPrice = salePrice;\n    cheapestProduct = 'Sale Price';\n  }\n  if (!isNaN(regularPrice) && regularPrice < cheapestPrice) {\n    cheapestPrice = regularPrice;\n    cheapestProduct = 'Regular Price';\n  }\n}).then(() => {\n  minPrice = Math.min(...prices);\n  if (cheapestPrice === minPrice) {\n    cy.log({\n      cheapestPrice\n    }, {\n      cheapestProduct\n    });\n    cy.wrap(cheapestPrice).should('equal', minPrice);\n    cy.wrap(cheapestProduct).should('be.oneOf', ['Sale Price', 'Regular Price']);\n  } else {\n    cy.log(`Minimum price does not match the Calculated Cheapest price!.Min Price is ${minPrice}`);\n  }\n  cy.get(_selectors.default.item_list).contains(cheapestPrice).parents(_selectors.default.item_list).find('a', 'href').eq(0).click();\n  let count_size = 0;\n  cy.get(_selectors.default.variant_options).find('li').as('sizeoption').each($li => {\n    const optionText = $li.text();\n    // Check if the list item contains one of the specified options\n    if (optionText.match(/S|M|L|XL/)) {\n      cy.log(`Found option: ${optionText}`);\n      count_size++;\n    }\n  }).then(() => {\n    cy.log(`Total count of options (S, M, L, XL): ${count_size}`);\n    // Check if variants exist and select them\n    if (count_size > 0) {\n      cy.get('@sizeoption').first().click().wait(2000);\n      if (count_size > 1) {\n        cy.get('@sizeoption').eq(count_size + 1).click().wait(2000);\n      }\n    }\n    cy.contains('ADD TO CART').click().wait(2000);\n    cy.contains('VIEW CART').click().wait(2000);\n    //check the cart\n    cy.url().should('include', '/cart');\n    cy.contains('Order summary').should('be.visible');\n    //validate the price added to cart\n    let subtotal;\n    cy.contains('Sub total').next('div').invoke('text').then(text => {\n      subtotal = text.trim();\n    });\n    let total;\n    cy.get(_selectors.default.total_value).invoke('text').then(text => {\n      total = text.trim();\n    }).as('cartTotal');\n    let finalPrice;\n    const discountPercentage = 20;\n    const discountAmount = cheapestPrice * discountPercentage / 100;\n    finalPrice = cheapestPrice - discountAmount;\n    cy.log(`discounted price ${finalPrice}`);\n    //cy.get('@cartTotal').contains(cheapestPrice)\n    //finalPrice =calculateFinalPrice(cheapestPrice)\n  });\n});",
                  "err": {},
                  "uuid": "69d2df8f-42cb-43d5-b6c4-c5c00df1633b",
                  "parentUUID": "887bf863-efa1-4dd4-bcda-07f5897ff8d1",
                  "isHook": false,
                  "skipped": false
                }
              ],
              "suites": [],
              "passes": [
                "69d2df8f-42cb-43d5-b6c4-c5c00df1633b"
              ],
              "failures": [],
              "pending": [],
              "skipped": [],
              "duration": 18705,
              "root": false,
              "rootEmpty": false,
              "_timeout": 2000
            }
          ],
          "passes": [],
          "failures": [],
          "pending": [],
          "skipped": [],
          "duration": 0,
          "root": false,
          "rootEmpty": false,
          "_timeout": 2000
        }
      ],
      "passes": [],
      "failures": [],
      "pending": [],
      "skipped": [],
      "duration": 0,
      "root": true,
      "rootEmpty": true,
      "_timeout": 2000
    }
  ],
  "meta": {
    "mocha": {
      "version": "7.0.1"
    },
    "mochawesome": {
      "options": {
        "quiet": false,
        "reportFilename": "mochawesome",
        "saveHtml": false,
        "saveJson": true,
        "consoleReporter": "spec",
        "useInlineDiffs": false,
        "code": true
      },
      "version": "7.1.3"
    },
    "marge": {
      "options": {
        "reportDir": "cypress/reports/mocha",
        "overwrite": false,
        "html": false,
        "json": true
      },
      "version": "6.2.0"
    }
  }
}